[2026-04-22 16:44:45] INPUT: помощ | INTENT: help | RESULT: help menu displayed...
[2026-04-22 16:44:45] INPUT: Покажи всички лиги | INTENT: show_all_leagues | RESULT: 📋 **ALL LEAGUES:**
───────────────────────────────...
[2026-04-22 16:44:45] INPUT: Създай лига "Първа лига" "2025/2026" | INTENT: create_league | RESULT: ✅ League 'първа лига' (2025/2026) created successf...
[2026-04-22 16:44:46] INPUT: Добави отбор "Levski Sofia" в лига "Първа лига" "2025/2026" | INTENT: add_club_to_league | RESULT: ✅ Club 'levski sofia' added to league 'първа лига'...
[2026-04-22 16:44:46] INPUT: Добави отбор "CSKA Sofia" в лига "Първа лига" "2025/2026" | INTENT: add_club_to_league | RESULT: ✅ Club 'cska sofia' added to league 'първа лига' s...
[2026-04-22 16:44:46] INPUT: Добави отбор "Ludogorets" в лига "Първа лига" "2025/2026" | INTENT: add_club_to_league | RESULT: ✅ Club 'ludogorets' added to league 'първа лига' s...
[2026-04-22 16:44:46] INPUT: Добави отбор "Botev Plovdiv" в лига "Първа лига" "2025/2026" | INTENT: add_club_to_league | RESULT: ✅ Club 'botev plovdiv' added to league 'първа лига...
[2026-04-22 16:44:46] INPUT: Покажи отбори в лига "Първа лига" "2025/2026" | INTENT: show_clubs_in_league | RESULT: 📋 **CLUBS IN LEAGUE: първа лига (2025/2026)**
────...
[2026-04-22 16:44:46] INPUT: Генерирай програма "Първа лига" "2025/2026" | INTENT: generate_schedule | RESULT: ✅ Schedule generated successfully!
━━━━━━━━━━━━━━━...
[2026-04-22 16:44:46] INPUT: Покажи програма "Първа лига" "2025/2026" | INTENT: show_schedule | RESULT: 📅 **SCHEDULE: първа лига (2025/2026)**
━━━━━━━━━━━...
[2026-04-22 16:44:46] INPUT: Покажи програма "Първа лига" "2025/2026" кръг 1 | INTENT: show_schedule | RESULT: 📅 **SCHEDULE: първа лига (2025/2026)**
━━━━━━━━━━━...
[2026-04-22 16:44:46] INPUT: Инфо лига "Първа лига" "2025/2026" | INTENT: league_info | RESULT: ℹ️ **LEAGUE INFO: първа лига (2025/2026)**
━━━━━━━...
[2026-04-22 16:46:15] INPUT: Покажи всички лиги | INTENT: show_all_leagues | RESULT: 📋 **ALL LEAGUES:**
───────────────────────────────...
[2026-04-22 16:46:15] INPUT: Създай лига "Първа лига" "2025/2026" | INTENT: create_league | RESULT: ✅ League 'първа лига' (2025/2026) created successf...
[2026-04-22 16:46:15] INPUT: Покажи всички лиги | INTENT: show_all_leagues | RESULT: 📋 **ALL LEAGUES:**
───────────────────────────────...
[2026-04-22 16:46:15] INPUT: Добави отбор "Levski Sofia" в лига "Първа лига" "2025/2026" | INTENT: add_club_to_league | RESULT: ✅ Club 'levski sofia' added to league 'първа лига'...
[2026-04-22 16:46:15] INPUT: Добави отбор "CSKA Sofia" в лига "Първа лига" "2025/2026" | INTENT: add_club_to_league | RESULT: ✅ Club 'cska sofia' added to league 'първа лига' s...
[2026-04-22 16:46:15] INPUT: Добави отбор "Ludogorets" в лига "Първа лига" "2025/2026" | INTENT: add_club_to_league | RESULT: ✅ Club 'ludogorets' added to league 'първа лига' s...
[2026-04-22 16:46:15] INPUT: Добави отбор "Botev Plovdiv" в лига "Първа лига" "2025/2026" | INTENT: add_club_to_league | RESULT: ✅ Club 'botev plovdiv' added to league 'първа лига...
[2026-04-22 16:46:15] INPUT: Покажи отбори в лига "Първа лига" "2025/2026" | INTENT: show_clubs_in_league | RESULT: 📋 **CLUBS IN LEAGUE: първа лига (2025/2026)**
────...
[2026-04-22 16:46:15] INPUT: Генерирай програма "Първа лига" "2025/2026" | INTENT: generate_schedule | RESULT: ✅ Schedule generated successfully!
━━━━━━━━━━━━━━━...
[2026-04-22 16:46:15] INPUT: Покажи програма "Първа лига" "2025/2026" | INTENT: show_schedule | RESULT: 📅 **SCHEDULE: първа лига (2025/2026)**
━━━━━━━━━━━...
[2026-04-22 16:46:15] INPUT: Покажи програма "Първа лига" "2025/2026" кръг 1 | INTENT: show_schedule | RESULT: 📅 **SCHEDULE: първа лига (2025/2026)**
━━━━━━━━━━━...
[2026-04-22 16:46:15] INPUT: Покажи програма "Първа лига" "2025/2026" кръг 2 | INTENT: show_schedule | RESULT: 📅 **SCHEDULE: първа лига (2025/2026)**
━━━━━━━━━━━...
[2026-04-22 16:46:15] INPUT: Покажи програма "Първа лига" "2025/2026" кръг 3 | INTENT: show_schedule | RESULT: 📅 **SCHEDULE: първа лига (2025/2026)**
━━━━━━━━━━━...
[2026-04-22 16:46:15] INPUT: Инфо лига "Първа лига" "2025/2026" | INTENT: league_info | RESULT: ℹ️ **LEAGUE INFO: първа лига (2025/2026)**
━━━━━━━...
[2026-04-22 16:46:15] INPUT: Създай лига "Втора лига" "2025/2026" | INTENT: create_league | RESULT: ✅ League 'втора лига' (2025/2026) created successf...
[2026-04-22 16:46:15] INPUT: Добави отбор "Levski Sofia" в лига "Втора лига" "2025/2026" | INTENT: add_club_to_league | RESULT: ✅ Club 'levski sofia' added to league 'втора лига'...
[2026-04-22 16:46:15] INPUT: Добави отбор "CSKA Sofia" в лига "Втора лига" "2025/2026" | INTENT: add_club_to_league | RESULT: ✅ Club 'cska sofia' added to league 'втора лига' s...
[2026-04-22 16:46:15] INPUT: Добави отбор "Ludogorets" в лига "Втора лига" "2025/2026" | INTENT: add_club_to_league | RESULT: ✅ Club 'ludogorets' added to league 'втора лига' s...
[2026-04-22 16:46:15] INPUT: Добави отбор "Botev Plovdiv" в лига "Втора лига" "2025/2026" | INTENT: add_club_to_league | RESULT: ✅ Club 'botev plovdiv' added to league 'втора лига...
[2026-04-22 16:46:15] INPUT: Добави отбор "Lokomotiv Plovdiv" в лига "Втора лига" "2025/2026" | INTENT: add_club_to_league | RESULT: ✅ Club 'lokomotiv plovdiv' added to league 'втора ...
[2026-04-22 16:46:16] INPUT: Генерирай програма "Втора лига" "2025/2026" | INTENT: generate_schedule | RESULT: ✅ Schedule generated successfully!
━━━━━━━━━━━━━━━...
[2026-04-22 16:46:16] INPUT: Покажи програма "Втора лига" "2025/2026" | INTENT: show_schedule | RESULT: 📅 **SCHEDULE: втора лига (2025/2026)**
━━━━━━━━━━━...
[2026-05-07 17:59:12] INPUT: генерирай програма "Primeira Liga" "2025/2026" | INTENT: generate_schedule | RESULT: ❌ League 'primeira liga' (2025/2026) not found....
[2026-05-07 17:59:12] INPUT: избери лига "Primeira Liga" "2025/2026" | INTENT: select_league | RESULT: ❌ League 'primeira liga' (2025/2026) not found....
[2026-05-07 17:59:12] INPUT: покажи кръг 1 | INTENT: show_round | RESULT: ❌ No league selected. Use: Избери лига <name> <sea...
[2026-05-07 17:59:28] INPUT: генерирай програма "Primeira Liga" "2025/2026" | INTENT: generate_schedule | RESULT: ❌ League 'primeira liga' (2025/2026) not found....
[2026-05-07 17:59:28] INPUT: избери лига "Primeira Liga" "2025/2026" | INTENT: select_league | RESULT: ❌ League 'primeira liga' (2025/2026) not found....
[2026-05-07 17:59:28] INPUT: покажи кръг 1 | INTENT: show_round | RESULT: ❌ No league selected. Use: Избери лига <name> <sea...
[2026-05-07 17:59:47] INPUT: генерирай програма "Primeira Liga" "2025/2026" | INTENT: generate_schedule | RESULT: ❌ League 'primeira liga' (2025/2026) not found....
[2026-05-07 17:59:47] INPUT: избери лига "Primeira Liga" "2025/2026" | INTENT: select_league | RESULT: ❌ League 'primeira liga' (2025/2026) not found....
[2026-05-07 17:59:47] INPUT: покажи кръг 1 | INTENT: show_round | RESULT: ❌ No league selected. Use: Избери лига <name> <sea...
[2026-05-07 18:00:29] INPUT: генерирай програма "Primeira Liga" "2025/2026" | INTENT: generate_schedule | RESULT: ✅ Schedule generated successfully!
━━━━━━━━━━━━━━━...
[2026-05-07 18:00:29] INPUT: избери лига "Primeira Liga" "2025/2026" | INTENT: select_league | RESULT: ✅ Current league set to: primeira liga (2025/2026)...
[2026-05-07 18:00:29] INPUT: покажи кръг 1 | INTENT: show_round | RESULT: 📅 **ROUND 1 - Primeira Liga (2025/2026)**
━━━━━━━━...
[2026-05-07 18:00:46] INPUT: генерирай програма "Primeira Liga" "2025/2026" | INTENT: generate_schedule | RESULT: ❌ Schedule already exists for this league. Use: Пр...
[2026-05-07 18:00:46] INPUT: избери лига "Primeira Liga" "2025/2026" | INTENT: select_league | RESULT: ✅ Current league set to: primeira liga (2025/2026)...
[2026-05-07 18:00:46] INPUT: покажи кръг 1 | INTENT: show_round | RESULT: 📅 **ROUND 1 - Primeira Liga (2025/2026)**
━━━━━━━━...
[2026-05-07 18:00:46] INPUT: избери мач 1 | INTENT: select_match | RESULT: ✅ Current match set to: Botev Plovdiv vs Ludogoret...
[2026-05-07 18:00:46] INPUT: резултат Botev-Ludogorets 2:1 запиши | INTENT: record_result | RESULT: ❌ Club 'botev' or 'ludogorets' not found....
[2026-05-07 18:00:46] INPUT: гол "Ivan Petrov" "Botev Plovdiv" 23 минута | INTENT: add_goal | RESULT: ❌ Player 'ivan petrov' not found in club 'botev pl...
[2026-05-07 18:00:46] INPUT: картон "Ivan Petrov" "Botev Plovdiv" Y 45 | INTENT: add_card | RESULT: ❌ Player 'ivan petrov' not found in club 'botev pl...
[2026-05-07 18:00:46] INPUT: покажи събития | INTENT: show_events | RESULT: ⚽ **MATCH EVENTS: Botev Plovdiv vs Ludogorets**
━━...
[2026-05-07 18:01:18] INPUT: прегенерирай програма "Primeira Liga" "2025/2026" | INTENT: regenerate_schedule | RESULT: ✅ Schedule generated successfully!
━━━━━━━━━━━━━━━...
[2026-05-07 18:01:18] INPUT: избери лига "Primeira Liga" "2025/2026" | INTENT: select_league | RESULT: ✅ Current league set to: primeira liga (2025/2026)...
[2026-05-07 18:01:18] INPUT: покажи кръг 1 | INTENT: show_round | RESULT: 📅 **ROUND 1 - Primeira Liga (2025/2026)**
━━━━━━━━...
[2026-05-07 18:01:18] INPUT: избери мач 1 | INTENT: select_match | RESULT: ❌ Match with ID 1 not found....
[2026-05-07 18:01:18] INPUT: резултат "Botev Plovdiv"-"Ludogorets" 2:1 запиши | INTENT: record_result | RESULT: ❌ Club '"botev plovdiv"' or '"ludogorets"' not fou...
[2026-05-07 18:01:18] INPUT: гол "Ivan Petrov" "Botev Plovdiv" 23 минута | INTENT: add_goal | RESULT: ❌ No match selected. Use: Избери мач <id>...
[2026-05-07 18:01:18] INPUT: картон "Ivan Petrov" "Botev Plovdiv" Y 45 | INTENT: add_card | RESULT: ❌ No match selected. Use: Избери мач <id>...
[2026-05-07 18:01:18] INPUT: покажи събития | INTENT: show_events | RESULT: ❌ No match specified. Use: Покажи събития <match_i...
[2026-05-07 18:01:33] INPUT: прегенерирай програма "Primeira Liga" "2025/2026" | INTENT: regenerate_schedule | RESULT: ✅ Schedule generated successfully!
━━━━━━━━━━━━━━━...
[2026-05-07 18:01:33] INPUT: избери лига "Primeira Liga" "2025/2026" | INTENT: select_league | RESULT: ✅ Current league set to: primeira liga (2025/2026)...
[2026-05-07 18:01:33] INPUT: покажи кръг 1 | INTENT: show_round | RESULT: 📅 **ROUND 1 - Primeira Liga (2025/2026)**
━━━━━━━━...
[2026-05-07 18:01:33] INPUT: избери мач 7 | INTENT: select_match | RESULT: ❌ Match with ID 7 not found....
[2026-05-07 18:01:33] INPUT: резултат Botev Plovdiv-Ludogorets 2:1 запиши | INTENT: record_result | RESULT: ✅ Result recorded: botev plovdiv 2:1 ludogorets (M...
[2026-05-07 18:01:33] INPUT: гол "Ivan Petrov" "Botev Plovdiv" 23 минута | INTENT: add_goal | RESULT: ❌ No match selected. Use: Избери мач <id>...
[2026-05-07 18:01:33] INPUT: картон "Ivan Petrov" "Botev Plovdiv" Y 45 | INTENT: add_card | RESULT: ❌ No match selected. Use: Избери мач <id>...
[2026-05-07 18:01:33] INPUT: покажи събития | INTENT: show_events | RESULT: ❌ No match specified. Use: Покажи събития <match_i...
[2026-05-07 18:02:32] INPUT: прегенерирай програма "Primeira Liga" "2025/2026" | INTENT: regenerate_schedule | RESULT: ✅ Schedule generated successfully!
━━━━━━━━━━━━━━━...
[2026-05-07 18:02:32] INPUT: избери лига "Primeira Liga" "2025/2026" | INTENT: select_league | RESULT: ✅ Current league set to: primeira liga (2025/2026)...
[2026-05-07 18:02:32] INPUT: покажи кръг 1 | INTENT: show_round | RESULT: 📅 **ROUND 1 - Primeira Liga (2025/2026)**
━━━━━━━━...
[2026-05-07 18:02:32] INPUT: избери мач 13 | INTENT: select_match | RESULT: ❌ Match with ID 13 not found....
[2026-05-07 18:02:32] INPUT: резултат Botev Plovdiv-Ludogorets 2:1 запиши | INTENT: record_result | RESULT: ✅ Result recorded: botev plovdiv 2:1 ludogorets (M...
[2026-05-07 18:02:32] INPUT: гол "Ivan Petrov" "Botev Plovdiv" 23 минута | INTENT: add_goal | RESULT: ❌ No match selected. Use: Избери мач <id>...
[2026-05-07 18:02:32] INPUT: картон "Ivan Petrov" "Botev Plovdiv" Y 45 | INTENT: add_card | RESULT: ❌ No match selected. Use: Избери мач <id>...
[2026-05-07 18:02:32] INPUT: покажи събития | INTENT: show_events | RESULT: ❌ No match specified. Use: Покажи събития <match_i...
[2026-05-07 18:03:10] INPUT: прегенерирай програма "Primeira Liga" "2025/2026" | INTENT: regenerate_schedule | RESULT: ✅ Schedule generated successfully!
━━━━━━━━━━━━━━━...
[2026-05-07 18:03:10] INPUT: избери лига "Primeira Liga" "2025/2026" | INTENT: select_league | RESULT: ✅ Current league set to: primeira liga (2025/2026)...
[2026-05-07 18:03:10] INPUT: покажи кръг 1 | INTENT: show_round | RESULT: 📅 **ROUND 1 - Primeira Liga (2025/2026)**
━━━━━━━━...
[2026-05-07 18:03:10] INPUT: избери мач 19 | INTENT: select_match | RESULT: ❌ Match with ID 19 not found....
[2026-05-07 18:03:10] INPUT: резултат Botev Plovdiv-Ludogorets 2:1 запиши | INTENT: record_result | RESULT: ✅ Result recorded: botev plovdiv 2:1 ludogorets (M...
[2026-05-07 18:03:10] INPUT: гол "Ivan Petrov" "Botev Plovdiv" 23 минута | INTENT: add_goal | RESULT: ❌ No match selected. Use: Избери мач <id>...
[2026-05-07 18:03:10] INPUT: картон "Ivan Petrov" "Botev Plovdiv" Y 45 | INTENT: add_card | RESULT: ❌ No match selected. Use: Избери мач <id>...
[2026-05-07 18:03:10] INPUT: покажи събития | INTENT: show_events | RESULT: ❌ No match specified. Use: Покажи събития <match_i...
[2026-05-07 18:03:47] INPUT: прегенерирай програма "Primeira Liga" "2025/2026" | INTENT: regenerate_schedule | RESULT: ✅ Schedule generated successfully!
━━━━━━━━━━━━━━━...
[2026-05-07 18:03:47] INPUT: избери лига "Primeira Liga" "2025/2026" | INTENT: select_league | RESULT: ✅ Current league set to: primeira liga (2025/2026)...
[2026-05-07 18:03:47] INPUT: покажи кръг 1 | INTENT: show_round | RESULT: 📅 **ROUND 1 - Primeira Liga (2025/2026)**
━━━━━━━━...
[2026-05-07 18:03:47] INPUT: избери мач 25 | INTENT: select_match | RESULT: ❌ Match with ID 25 not found....
[2026-05-07 18:03:47] INPUT: резултат Botev Plovdiv-Ludogorets 2:1 запиши | INTENT: record_result | RESULT: ✅ Result recorded: botev plovdiv 2:1 ludogorets (M...
[2026-05-07 18:03:47] INPUT: гол "Ivan Petrov" "Botev Plovdiv" 23 минута | INTENT: add_goal | RESULT: ❌ No match selected. Use: Избери мач <id>...
[2026-05-07 18:03:47] INPUT: картон "Ivan Petrov" "Botev Plovdiv" Y 45 | INTENT: add_card | RESULT: ❌ No match selected. Use: Избери мач <id>...
[2026-05-07 18:03:47] INPUT: покажи събития | INTENT: show_events | RESULT: ❌ No match specified. Use: Покажи събития <match_i...
[2026-05-07 18:03:59] INPUT: прегенерирай програма "Primeira Liga" "2025/2026" | INTENT: regenerate_schedule | RESULT: ✅ Schedule generated successfully!
━━━━━━━━━━━━━━━...
[2026-05-07 18:03:59] INPUT: избери лига "Primeira Liga" "2025/2026" | INTENT: select_league | RESULT: ✅ Current league set to: primeira liga (2025/2026)...
[2026-05-07 18:03:59] INPUT: покажи кръг 1 | INTENT: show_round | RESULT: 📅 **ROUND 1 - Primeira Liga (2025/2026)**
━━━━━━━━...
[2026-05-07 18:03:59] INPUT: избери мач 31 | INTENT: select_match | RESULT: ❌ Match with ID 31 not found....
[2026-05-07 18:03:59] INPUT: резултат Botev Plovdiv-Ludogorets 2:1 запиши | INTENT: record_result | RESULT: ✅ Result recorded: botev plovdiv 2:1 ludogorets (M...
[2026-05-07 18:03:59] INPUT: гол "Ivan Petrov" "Botev Plovdiv" 23 минута | INTENT: add_goal | RESULT: ❌ No match selected. Use: Избери мач <id>...
[2026-05-07 18:03:59] INPUT: картон "Ivan Petrov" "Botev Plovdiv" Y 45 | INTENT: add_card | RESULT: ❌ No match selected. Use: Избери мач <id>...
[2026-05-07 18:03:59] INPUT: покажи събития | INTENT: show_events | RESULT: ❌ No match specified. Use: Покажи събития <match_i...
[2026-05-07 18:16:44] INPUT: покажи класиране "Primeira Liga" "2025/2026" | INTENT: show_standings | RESULT: 🏆 **LEAGUE STANDINGS: primeira liga (2025/2026)**
...
[2026-05-07 18:16:44] INPUT: покажи класиране "NonExistent League" "2025/2026" | INTENT: show_standings | RESULT: ❌ League 'nonexistent league' (2025/2026) not foun...
[2026-05-07 18:16:44] INPUT: покажи класиране wrong format | INTENT: show_standings | RESULT: ❌ Format: Покажи класиране "<ЛИГА>" "<СЕЗОН>"
Exam...
