[2026-04-22 17:06:57] INPUT: помощ | INTENT: help | RESULT: help menu displayed...
[2026-04-22 17:07:08] INPUT: покажи всички лиги | INTENT: show_all_leagues | RESULT: 📋 **ALL LEAGUES:**
───────────────────────────────...
[2026-04-22 17:07:59] INPUT: избери лига "първа лига" "2025/2026" | INTENT: select_league | RESULT: ✅ Current league set to: първа лига (2025/2026)...
[2026-04-22 17:07:59] INPUT: покажи кръг 1 | INTENT: show_round | RESULT: ❌ No matches found for round 1 in league 'първа ли...
[2026-04-22 17:09:35] INPUT: избери лига "първа лига" "2025/2026" | INTENT: select_league | RESULT: ❌ League 'първа лига' (2025/2026) not found....
[2026-04-22 17:09:35] INPUT: покажи кръг 1 | INTENT: show_round | RESULT: ❌ No league selected. Use: Избери лига <name> <sea...
[2026-04-22 17:09:44] INPUT: покажи всички лиги | INTENT: show_all_leagues | RESULT: 📋 **ALL LEAGUES:**
───────────────────────────────...
[2026-05-13 16:16:40] INPUT: помощ | INTENT: help | RESULT: help menu displayed...
[2026-05-13 16:18:28] INPUT: създай лига "Primeira Liga" "2025/2026" | INTENT: create_league | RESULT: ✅ League 'primeira liga' (2025/2026) created succe...
[2026-05-13 16:18:35] INPUT: добави отбор "Benfica" в лига "Primeira Liga" "2025/2026" | INTENT: add_club_to_league | RESULT: ❌ Club 'benfica' not found. Use: Покажи всички клу...
[2026-05-13 16:18:35] INPUT: добави отбор "Porto" в лига "Primeira Liga" "2025/2026" | INTENT: add_club_to_league | RESULT: ❌ Club 'porto' not found. Use: Покажи всички клубо...
[2026-05-13 16:18:35] INPUT: добави отбор "Sporting CP" в лига "Primeira Liga" "2025/2026" | INTENT: add_club_to_league | RESULT: ❌ Club 'sporting cp' not found. Use: Покажи всички...
[2026-05-13 16:18:56] INPUT: добави отбор "Braga" в лига "Primeira Liga" "2025/2026" добави отбор "Benfica" в лига "Primeira Liga" "2025/2026" | INTENT: add_club_to_league | RESULT: ❌ Club 'braga' not found. Use: Покажи всички клубо...
[2026-05-13 16:19:11] INPUT: help | INTENT: help | RESULT: help menu displayed...
[2026-05-13 16:19:21] INPUT: добави отбор "Benfica" в лига "Primeira Liga" "2025/2026" | INTENT: add_club_to_league | RESULT: ❌ Club 'benfica' not found. Use: Покажи всички клу...
[2026-05-13 16:24:33] INPUT: генерирай програма "Primeira Liga" "2025/2026" | INTENT: generate_schedule | RESULT: ❌ League 'primeira liga' (2025/2026) not found....
[2026-05-13 16:24:58] INPUT: Помощ | INTENT: help | RESULT: help menu displayed...
[2026-05-13 16:25:26] INPUT: Създай лига "Първа лига" "2025/2026" | INTENT: create_league | RESULT: ✅ League 'първа лига' (2025/2026) created successf...
[2026-05-13 16:26:12] INPUT: Избери лига "Първа лига" "2025/2026" | INTENT: select_league | RESULT: ✅ Current league set to: първа лига (2025/2026)...
[2026-05-13 16:26:19] INPUT: покажи кръг 1 | INTENT: show_round | RESULT: ❌ No matches found for round 1 in league 'първа ли...
[2026-05-13 16:27:05] INPUT: Генерирай програма "Първа лига" "2025/2026" | INTENT: generate_schedule | RESULT: ❌ No clubs in league. Add clubs first....
[2026-05-13 16:27:21] INPUT: Избери лига "Първа лига" "2025/2026" | INTENT: select_league | RESULT: ✅ Current league set to: първа лига (2025/2026)...
[2026-05-13 16:27:41] INPUT: Добави отбор "Левски" в лига "Първа лига" "2025/2026" | INTENT: add_club_to_league | RESULT: ❌ Club 'левски' not found. Use: Покажи всички клуб...
[2026-05-13 16:27:52] INPUT: покажи всички клубово | INTENT: unknown | RESULT: ❌ Unknown command. Type 'помощ' or 'help' for avai...
[2026-05-13 16:27:58] INPUT: покажи всички клубове | INTENT: list_clubs | RESULT: 📋 **ALL CLUBS:**
─────────────────────────────────...
[2026-05-13 16:28:07] INPUT: Добави отбор "Левски София" в лига "Първа лига" "2025/2026" | INTENT: add_club_to_league | RESULT: ❌ Club 'левски софия' not found. Use: Покажи всичк...
[2026-05-13 16:29:45] INPUT: Добави отбор "Левски София" в лига "Първа лига" "2025/2026" | INTENT: add_club_to_league | RESULT: ❌ Club 'левски софия' not found. Use: Покажи всичк...
[2026-05-13 16:29:54] INPUT: Добави отбор "ЦСКА София" в лига "Първа лига" "2025/2026" | INTENT: add_club_to_league | RESULT: ❌ Club 'цска софия' not found. Use: Покажи всички ...
[2026-05-13 16:30:13] INPUT: help | INTENT: help | RESULT: help menu displayed...
[2026-05-13 16:30:24] INPUT: Избери лига "Първа лига" "2025/2026" | INTENT: select_league | RESULT: ❌ League 'първа лига' (2025/2026) not found....
[2026-05-13 16:30:39] INPUT: Създай лига "Първа лига" "2025/2026" | INTENT: create_league | RESULT: ✅ League 'първа лига' (2025/2026) created successf...
[2026-05-13 16:31:00] INPUT: Избери лига "Първа лига" "2025/2026" | INTENT: select_league | RESULT: ✅ Current league set to: първа лига (2025/2026)...
[2026-05-13 16:31:20] INPUT: Добави отбор "Левски София" в лига "Първа лига" "2025/2026" | INTENT: add_club_to_league | RESULT: ❌ Club 'левски софия' not found. Use: Покажи всичк...
[2026-05-13 16:32:52] INPUT: help | INTENT: help | RESULT: help menu displayed...
[2026-05-13 16:33:02] INPUT: Създай лига "Първа лига" "2025/2026" | INTENT: create_league | RESULT: ✅ League 'първа лига' (2025/2026) created successf...
[2026-05-13 16:33:11] INPUT: Добави отбор "Левски София" в лига "Първа лига" "2025/2026" | INTENT: add_club_to_league | RESULT: ✅ Club 'левски софия' added to league 'първа лига'...
[2026-05-13 16:33:18] INPUT: Добави отбор "ЦСКА София" в лига "Първа лига" "2025/2026" | INTENT: add_club_to_league | RESULT: ✅ Club 'цска софия' added to league 'първа лига' s...
[2026-05-13 16:33:18] INPUT: Добави отбор "Лудогорец" в лига "Първа лига" "2025/2026" | INTENT: add_club_to_league | RESULT: ✅ Club 'лудогорец' added to league 'първа лига' su...
[2026-05-13 16:33:28] INPUT: Добави отбор "Ботев Пловдив" в лига "Първа лига" "2025/2026"Добави отбор "Ботев Пловдив" в лига "Първа лига" "2025/2026" | INTENT: add_club_to_league | RESULT: ✅ Club 'ботев пловдив' added to league 'първа лига...
[2026-05-13 16:33:32] INPUT: help | INTENT: help | RESULT: help menu displayed...
[2026-05-13 16:33:44] INPUT: Генерирай програма "Първа лига" "2025/2026" | INTENT: generate_schedule | RESULT: ✅ Schedule generated successfully!
━━━━━━━━━━━━━━━...
